<?xml version="1.0" encoding="UTF-8"?>
<!-- Generated by org.testng.reporters.JUnitReportReporter -->
<testsuite hostname="LTIN219782" failures="0" tests="4" name="TestCases.CarAndHomeLoanTest" time="243.979" errors="0" timestamp="2024-02-26T10:34:18 IST" skipped="0">
  <testcase classname="TestCases.CarAndHomeLoanTest" name="Test" time="4.491"/>
  <system-out/>
  <testcase classname="TestCases.CarAndHomeLoanTest" name="Test3" time="1.064"/>
  <system-out/>
  <testcase classname="TestCases.CarAndHomeLoanTest" name="Test1" time="146.125"/>
  <system-out/>
  <testcase classname="TestCases.CarAndHomeLoanTest" name="Test2" time="92.299"/>
  <system-out/>
</testsuite> <!-- TestCases.CarAndHomeLoanTest -->
