<?xml version="1.0" encoding="UTF-8"?>
<!-- Generated by org.testng.reporters.JUnitReportReporter -->
<testsuite hostname="LTIN219782" failures="0" tests="6" name="TestCases.HomeLoanTest" time="36.717" errors="0" timestamp="2024-02-29T09:34:33 IST" skipped="0">
  <testcase classname="TestCases.HomeLoanTest" name="Test2_001" time="2.249"/>
  <system-out/>
  <testcase classname="TestCases.HomeLoanTest" name="Test2_002" time="4.323"/>
  <system-out/>
  <testcase classname="TestCases.HomeLoanTest" name="Test2_003" time="3.342"/>
  <system-out/>
  <testcase classname="TestCases.HomeLoanTest" name="Test2_004" time="1.759"/>
  <system-out/>
  <testcase classname="TestCases.HomeLoanTest" name="Test2_005" time="3.700"/>
  <system-out/>
  <testcase classname="TestCases.HomeLoanTest" name="Test2_006" time="21.344"/>
  <system-out/>
</testsuite> <!-- TestCases.HomeLoanTest -->
