<?xml version="1.0" encoding="UTF-8"?>
<!-- Generated by org.testng.reporters.JUnitReportReporter -->
<testsuite hostname="LTIN219782" failures="0" tests="4" name="TestCases.CarLoanTest" time="3.531" errors="0" timestamp="2024-02-29T09:34:33 IST" skipped="0">
  <testcase classname="TestCases.CarLoanTest" name="Test1_001" time="1.460"/>
  <system-out/>
  <testcase classname="TestCases.CarLoanTest" name="Test1_002" time="1.102"/>
  <system-out/>
  <testcase classname="TestCases.CarLoanTest" name="Test1_003" time="0.817"/>
  <system-out/>
  <testcase classname="TestCases.CarLoanTest" name="Test1_004" time="0.152"/>
  <system-out/>
</testsuite> <!-- TestCases.CarLoanTest -->
