<?xml version="1.0" encoding="UTF-8"?>
<!-- Generated by org.testng.reporters.JUnitReportReporter -->
<testsuite hostname="LTIN219782" failures="0" tests="11" name="TestCases.LoanCalculatorTest" time="8.312" errors="0" timestamp="2024-02-29T09:34:33 IST" skipped="0">
  <testcase classname="TestCases.LoanCalculatorTest" name="Test3_001" time="2.014"/>
  <system-out/>
  <testcase classname="TestCases.LoanCalculatorTest" name="Test3_002" time="0.355"/>
  <system-out/>
  <testcase classname="TestCases.LoanCalculatorTest" name="Test3_003" time="0.284"/>
  <system-out/>
  <testcase classname="TestCases.LoanCalculatorTest" name="Test3_004" time="0.309"/>
  <system-out/>
  <testcase classname="TestCases.LoanCalculatorTest" name="Test3_005" time="1.169"/>
  <system-out/>
  <testcase classname="TestCases.LoanCalculatorTest" name="Test3_006" time="0.570"/>
  <system-out/>
  <testcase classname="TestCases.LoanCalculatorTest" name="Test3_007" time="1.230"/>
  <system-out/>
  <testcase classname="TestCases.LoanCalculatorTest" name="Test3_008" time="0.393"/>
  <system-out/>
  <testcase classname="TestCases.LoanCalculatorTest" name="Test3_009" time="0.768"/>
  <system-out/>
  <testcase classname="TestCases.LoanCalculatorTest" name="Test_010" time="0.917"/>
  <system-out/>
  <testcase classname="TestCases.LoanCalculatorTest" name="Test3_011" time="0.303"/>
  <system-out/>
</testsuite> <!-- TestCases.LoanCalculatorTest -->
