<?xml version="1.0" encoding="UTF-8"?>
<!-- Generated by org.testng.reporters.JUnitReportReporter -->
<testsuite hostname="LTIN219782" failures="0" tests="11" name="TestCases.LoanCalculatorTest" time="9.673" errors="0" timestamp="2024-02-28T15:52:22 IST" skipped="0">
  <testcase classname="TestCases.LoanCalculatorTest" name="Test3_001" time="6.551"/>
  <testcase classname="TestCases.LoanCalculatorTest" name="Test3_002" time="0.102"/>
  <testcase classname="TestCases.LoanCalculatorTest" name="Test3_003" time="0.116"/>
  <testcase classname="TestCases.LoanCalculatorTest" name="Test3_004" time="0.080"/>
  <testcase classname="TestCases.LoanCalculatorTest" name="Test3_005" time="0.440"/>
  <testcase classname="TestCases.LoanCalculatorTest" name="Test3_006" time="0.171"/>
  <testcase classname="TestCases.LoanCalculatorTest" name="Test3_007" time="0.340"/>
  <testcase classname="TestCases.LoanCalculatorTest" name="Test3_008" time="0.093"/>
  <testcase classname="TestCases.LoanCalculatorTest" name="Test3_009" time="0.528"/>
  <testcase classname="TestCases.LoanCalculatorTest" name="Test_010" time="0.504"/>
  <testcase classname="TestCases.LoanCalculatorTest" name="Test3_011" time="0.748"/>
</testsuite> <!-- TestCases.LoanCalculatorTest -->
