<?xml version="1.0" encoding="UTF-8"?>
<!-- Generated by org.testng.reporters.JUnitReportReporter -->
<testsuite hostname="LTIN219782" failures="0" tests="4" name="TestCases.CarLoanTest" time="20.991" errors="0" timestamp="2024-02-28T15:52:22 IST" skipped="0">
  <testcase classname="TestCases.CarLoanTest" name="Test1_001" time="17.920"/>
  <testcase classname="TestCases.CarLoanTest" name="Test1_002" time="1.659"/>
  <testcase classname="TestCases.CarLoanTest" name="Test1_003" time="1.277"/>
  <testcase classname="TestCases.CarLoanTest" name="Test1_004" time="0.135"/>
</testsuite> <!-- TestCases.CarLoanTest -->
