<?xml version="1.0" encoding="UTF-8"?>
<!-- Generated by org.testng.reporters.JUnitReportReporter -->
<testsuite hostname="LTIN219782" failures="0" tests="6" name="TestCases.HomeLoanTest" time="26.709" errors="0" timestamp="2024-02-28T15:52:22 IST" skipped="0">
  <testcase classname="TestCases.HomeLoanTest" name="Test2_001" time="1.550"/>
  <testcase classname="TestCases.HomeLoanTest" name="Test2_002" time="4.532"/>
  <testcase classname="TestCases.HomeLoanTest" name="Test2_003" time="2.925"/>
  <testcase classname="TestCases.HomeLoanTest" name="Test2_004" time="1.306"/>
  <testcase classname="TestCases.HomeLoanTest" name="Test2_005" time="3.581"/>
  <testcase classname="TestCases.HomeLoanTest" name="Test2_006" time="12.815"/>
</testsuite> <!-- TestCases.HomeLoanTest -->
